build/app/intermediates/manifest_merge_blame_file/debug/manifest-merger-blame-debug-report.txt
1<?xml version="1.0" encoding="utf-8"?>
2<manifest xmlns:android="http://schemas.android.com/apk/res/android"
3    package="com.example.music1"
4    android:versionCode="1"
5    android:versionName="1.0.0" >
6
7    <uses-sdk
8        android:minSdkVersion="16"
9        android:targetSdkVersion="31" />
10    <!--
11         Flutter needs it to communicate with the running application
12         to allow setting breakpoints, to provide hot reload, etc.
13    -->
14    <uses-permission android:name="android.permission.INTERNET" />
14-->src\debug\AndroidManifest.xml:6:5-66
14-->src\debug\AndroidManifest.xml:6:22-64
15    <uses-permission android:name="android.permission.READ_EXTERNAL_STORAGE" />
15-->src\main\AndroidManifest.xml:3:6-80
15-->src\main\AndroidManifest.xml:3:23-78
16    <uses-permission android:name="android.permission.WRITE_EXTERNAL_STORAGE" />
16-->src\main\AndroidManifest.xml:4:6-81
16-->src\main\AndroidManifest.xml:4:23-79
17    <uses-permission android:name="android.permission.FOREGROUND_SERVICE" />
17-->[:assets_audio_player] AndroidManifest.xml:7:5-77
17-->[:assets_audio_player] AndroidManifest.xml:7:22-74
18    <uses-permission android:name="android.permission.VIBRATE" />
18-->[:assets_audio_player] AndroidManifest.xml:8:5-66
18-->[:assets_audio_player] AndroidManifest.xml:8:22-63
19    <uses-permission android:name="android.permission.WAKE_LOCK" />
19-->[:assets_audio_player] AndroidManifest.xml:9:5-68
19-->[:assets_audio_player] AndroidManifest.xml:9:22-65
20    <uses-permission android:name="android.permission.READ_PHONE_STATE" />
21    <uses-permission android:name="android.permission.ACCESS_NETWORK_STATE" />
21-->[com.google.android.exoplayer:exoplayer-core:2.15.0] AndroidManifest.xml:24:5-79
21-->[com.google.android.exoplayer:exoplayer-core:2.15.0] AndroidManifest.xml:24:22-76
22
23    <application
24        android:name="android.app.Application"
25        android:appComponentFactory="androidx.core.app.CoreComponentFactory"
25-->[androidx.core:core:1.6.0] AndroidManifest.xml:24:18-86
26        android:debuggable="true"
27        android:icon="@mipmap/ic_launcher"
28        android:label="music1" >
29        <activity
30            android:name="com.example.music1.MainActivity"
31            android:configChanges="orientation|keyboardHidden|keyboard|screenSize|smallestScreenSize|locale|layoutDirection|fontScale|screenLayout|density|uiMode"
32            android:exported="true"
33            android:hardwareAccelerated="true"
34            android:launchMode="singleTop"
35            android:theme="@style/LaunchTheme"
36            android:windowSoftInputMode="adjustResize" >
37
38            <!--
39                 Specifies an Android theme to apply to this Activity as soon as
40                 the Android process has started. This theme is visible to the user
41                 while the Flutter UI initializes. After that, this theme continues
42                 to determine the Window background behind the Flutter UI.
43            -->
44            <meta-data
45                android:name="io.flutter.embedding.android.NormalTheme"
46                android:resource="@style/NormalTheme" />
47
48            <intent-filter>
49                <action android:name="android.intent.action.MAIN" />
50
51                <category android:name="android.intent.category.LAUNCHER" />
52            </intent-filter>
53        </activity>
54        <!--
55             Don't delete the meta-data below.
56             This is used by the Flutter tool to generate GeneratedPluginRegistrant.java
57        -->
58        <meta-data
59            android:name="flutterEmbedding"
60            android:value="2" />
61
62        <receiver
62-->[:assets_audio_player] AndroidManifest.xml:12:9-14:39
63            android:name="com.github.florent37.assets_audio_player.notification.NotificationActionReceiver"
63-->[:assets_audio_player] AndroidManifest.xml:13:13-108
64            android:exported="true" />
64-->[:assets_audio_player] AndroidManifest.xml:14:13-36
65        <receiver
65-->[:assets_audio_player] AndroidManifest.xml:15:9-21:20
66            android:name="com.github.florent37.assets_audio_player.notification.CustomMediaButtonReceiver"
66-->[:assets_audio_player] AndroidManifest.xml:16:13-107
67            android:exported="true" >
67-->[:assets_audio_player] AndroidManifest.xml:17:13-36
68            <intent-filter>
68-->[:assets_audio_player] AndroidManifest.xml:18:13-20:29
69                <action android:name="android.intent.action.MEDIA_BUTTON" />
69-->[:assets_audio_player] AndroidManifest.xml:19:17-77
69-->[:assets_audio_player] AndroidManifest.xml:19:25-74
70            </intent-filter>
71        </receiver>
72
73        <service
73-->[:assets_audio_player] AndroidManifest.xml:23:9-33:19
74            android:name="com.github.florent37.assets_audio_player.notification.NotificationService"
74-->[:assets_audio_player] AndroidManifest.xml:24:13-101
75            android:enabled="true"
75-->[:assets_audio_player] AndroidManifest.xml:25:13-35
76            android:exported="true" >
76-->[:assets_audio_player] AndroidManifest.xml:26:13-36
77
78            <!--
79            <intent-filter>
80                <action android:name="android.intent.action.MEDIA_BUTTON" />
81            </intent-filter>
82            -->
83        </service>
84
85        <uses-library
85-->[androidx.window:window:1.0.0-beta04] AndroidManifest.xml:25:9-27:40
86            android:name="androidx.window.extensions"
86-->[androidx.window:window:1.0.0-beta04] AndroidManifest.xml:26:13-54
87            android:required="false" />
87-->[androidx.window:window:1.0.0-beta04] AndroidManifest.xml:27:13-37
88        <uses-library
88-->[androidx.window:window:1.0.0-beta04] AndroidManifest.xml:28:9-30:40
89            android:name="androidx.window.sidecar"
89-->[androidx.window:window:1.0.0-beta04] AndroidManifest.xml:29:13-51
90            android:required="false" />
90-->[androidx.window:window:1.0.0-beta04] AndroidManifest.xml:30:13-37
91    </application>
92
93</manifest>